-------------------------------------------------------------------------------
Test set: com.fooddelivery.e2e.HappyPathE2ETest
-------------------------------------------------------------------------------
Tests run: 1, Failures: 0, Errors: 1, Skipped: 0, Time elapsed: 117.4 s <<< FAILURE! -- in com.fooddelivery.e2e.HappyPathE2ETest
com.fooddelivery.e2e.HappyPathE2ETest.testHappyDeliveryPath -- Time elapsed: 114.9 s <<< ERROR!
com.microsoft.playwright.TimeoutError: 
Error {
  message='Timeout 60000ms exceeded.
  name='TimeoutError
  stack='TimeoutError: Timeout 60000ms exceeded.
    at ProgressController.run (/private/var/folders/0h/ntc9lth93bq3sgfrgr9f9ylm0000gn/T/playwright-java-12819702846278365342/package/lib/server/progress.js:78:26)
    at Frame.waitForSelector (/private/var/folders/0h/ntc9lth93bq3sgfrgr9f9ylm0000gn/T/playwright-java-12819702846278365342/package/lib/server/frames.js:619:23)
    at FrameDispatcher.waitForSelector (/private/var/folders/0h/ntc9lth93bq3sgfrgr9f9ylm0000gn/T/playwright-java-12819702846278365342/package/lib/server/dispatchers/frameDispatcher.js:106:103)
    at FrameDispatcher._handleCommand (/private/var/folders/0h/ntc9lth93bq3sgfrgr9f9ylm0000gn/T/playwright-java-12819702846278365342/package/lib/server/dispatchers/dispatcher.js:94:40)
    at DispatcherConnection.dispatch (/private/var/folders/0h/ntc9lth93bq3sgfrgr9f9ylm0000gn/T/playwright-java-12819702846278365342/package/lib/server/dispatchers/dispatcher.js:361:39)
}
Call log:
- waiting for locator("button:has-text('Accept & Open Map')").first() to be visible

	at com.microsoft.playwright.impl.WaitableResult.get(WaitableResult.java:52)
	at com.microsoft.playwright.impl.ChannelOwner.runUntil(ChannelOwner.java:120)
	at com.microsoft.playwright.impl.Connection.sendMessage(Connection.java:130)
	at com.microsoft.playwright.impl.ChannelOwner.sendMessage(ChannelOwner.java:106)
	at com.microsoft.playwright.impl.FrameImpl.waitForSelectorImpl(FrameImpl.java:1060)
	at com.microsoft.playwright.impl.LocatorImpl.lambda$waitForImpl$7(LocatorImpl.java:619)
	at com.microsoft.playwright.impl.LoggingSupport.withLogging(LoggingSupport.java:47)
	at com.microsoft.playwright.impl.ChannelOwner.withLogging(ChannelOwner.java:89)
	at com.microsoft.playwright.impl.LocatorImpl.waitForImpl(LocatorImpl.java:619)
	at com.microsoft.playwright.impl.LocatorImpl.waitFor(LocatorImpl.java:615)
	at com.microsoft.playwright.Locator.waitFor(Locator.java:5324)
	at com.fooddelivery.e2e.HappyPathE2ETest.testHappyDeliveryPath(HappyPathE2ETest.java:101)
	at java.base/java.lang.reflect.Method.invoke(Method.java:565)
	at java.base/java.util.ArrayList.forEach(ArrayList.java:1612)
	at java.base/java.util.ArrayList.forEach(ArrayList.java:1612)
Caused by: com.microsoft.playwright.TimeoutError: Error {
  message='Timeout 60000ms exceeded.
  name='TimeoutError
  stack='TimeoutError: Timeout 60000ms exceeded.
    at ProgressController.run (/private/var/folders/0h/ntc9lth93bq3sgfrgr9f9ylm0000gn/T/playwright-java-12819702846278365342/package/lib/server/progress.js:78:26)
    at Frame.waitForSelector (/private/var/folders/0h/ntc9lth93bq3sgfrgr9f9ylm0000gn/T/playwright-java-12819702846278365342/package/lib/server/frames.js:619:23)
    at FrameDispatcher.waitForSelector (/private/var/folders/0h/ntc9lth93bq3sgfrgr9f9ylm0000gn/T/playwright-java-12819702846278365342/package/lib/server/dispatchers/frameDispatcher.js:106:103)
    at FrameDispatcher._handleCommand (/private/var/folders/0h/ntc9lth93bq3sgfrgr9f9ylm0000gn/T/playwright-java-12819702846278365342/package/lib/server/dispatchers/dispatcher.js:94:40)
    at DispatcherConnection.dispatch (/private/var/folders/0h/ntc9lth93bq3sgfrgr9f9ylm0000gn/T/playwright-java-12819702846278365342/package/lib/server/dispatchers/dispatcher.js:361:39)
}
Call log:
- waiting for locator("button:has-text('Accept & Open Map')").first() to be visible

	at com.microsoft.playwright.impl.Connection.dispatch(Connection.java:254)
	at com.microsoft.playwright.impl.Connection.processOneMessage(Connection.java:211)
	at com.microsoft.playwright.impl.ChannelOwner.runUntil(ChannelOwner.java:118)
	... 13 more

