<?xml version="1.0" encoding="UTF-8"?>
<testsuite xmlns:xsi="http://www.w3.org/2001/XMLSchema-instance" xsi:noNamespaceSchemaLocation="https://maven.apache.org/surefire/maven-surefire-plugin/xsd/surefire-test-report-3.0.xsd" version="3.0" name="com.fooddelivery.e2e.HappyPathE2ETest" time="117.43" tests="1" errors="1" skipped="0" failures="0">
  <properties>
[...]
</properties>
  <testcase name="testHappyDeliveryPath" classname="com.fooddelivery.e2e.HappyPathE2ETest" time="114.911">
    <error message="Error {&#10;  message=&apos;Timeout 60000ms exceeded.&#10;  name=&apos;TimeoutError&#10;  stack=&apos;TimeoutError: Timeout 60000ms exceeded.&#10;    at ProgressController.run (/private/var/folders/0h/ntc9lth93bq3sgfrgr9f9ylm0000gn/T/playwright-java-12819702846278365342/package/lib/server/progress.js:78:26)&#10;    at Frame.waitForSelector (/private/var/folders/0h/ntc9lth93bq3sgfrgr9f9ylm0000gn/T/playwright-java-12819702846278365342/package/lib/server/frames.js:619:23)&#10;    at FrameDispatcher.waitForSelector (/private/var/folders/0h/ntc9lth93bq3sgfrgr9f9ylm0000gn/T/playwright-java-12819702846278365342/package/lib/server/dispatchers/frameDispatcher.js:106:103)&#10;    at FrameDispatcher._handleCommand (/private/var/folders/0h/ntc9lth93bq3sgfrgr9f9ylm0000gn/T/playwright-java-12819702846278365342/package/lib/server/dispatchers/dispatcher.js:94:40)&#10;    at DispatcherConnection.dispatch (/private/var/folders/0h/ntc9lth93bq3sgfrgr9f9ylm0000gn/T/playwright-java-12819702846278365342/package/lib/server/dispatchers/dispatcher.js:361:39)&#10;}&#10;Call log:&#10;- waiting for locator(&quot;button:has-text(&apos;Accept &amp; Open Map&apos;)&quot;).first() to be visible&#10;" type="com.microsoft.playwright.TimeoutError"><![CDATA[com.microsoft.playwright.TimeoutError: 
Error {
  message='Timeout 60000ms exceeded.
  name='TimeoutError
  stack='TimeoutError: Timeout 60000ms exceeded.
    at ProgressController.run (/private/var/folders/0h/ntc9lth93bq3sgfrgr9f9ylm0000gn/T/playwright-java-12819702846278365342/package/lib/server/progress.js:78:26)
    at Frame.waitForSelector (/private/var/folders/0h/ntc9lth93bq3sgfrgr9f9ylm0000gn/T/playwright-java-12819702846278365342/package/lib/server/frames.js:619:23)
    at FrameDispatcher.waitForSelector (/private/var/folders/0h/ntc9lth93bq3sgfrgr9f9ylm0000gn/T/playwright-java-12819702846278365342/package/lib/server/dispatchers/frameDispatcher.js:106:103)
    at FrameDispatcher._handleCommand (/private/var/folders/0h/ntc9lth93bq3sgfrgr9f9ylm0000gn/T/playwright-java-12819702846278365342/package/lib/server/dispatchers/dispatcher.js:94:40)
    at DispatcherConnection.dispatch (/private/var/folders/0h/ntc9lth93bq3sgfrgr9f9ylm0000gn/T/playwright-java-12819702846278365342/package/lib/server/dispatchers/dispatcher.js:361:39)
}
Call log:
- waiting for locator("button:has-text('Accept & Open Map')").first() to be visible

	at com.microsoft.playwright.impl.WaitableResult.get(WaitableResult.java:52)
	at com.microsoft.playwright.impl.ChannelOwner.runUntil(ChannelOwner.java:120)
	at com.microsoft.playwright.impl.Connection.sendMessage(Connection.java:130)
	at com.microsoft.playwright.impl.ChannelOwner.sendMessage(ChannelOwner.java:106)
	at com.microsoft.playwright.impl.FrameImpl.waitForSelectorImpl(FrameImpl.java:1060)
	at com.microsoft.playwright.impl.LocatorImpl.lambda$waitForImpl$7(LocatorImpl.java:619)
	at com.microsoft.playwright.impl.LoggingSupport.withLogging(LoggingSupport.java:47)
	at com.microsoft.playwright.impl.ChannelOwner.withLogging(ChannelOwner.java:89)
	at com.microsoft.playwright.impl.LocatorImpl.waitForImpl(LocatorImpl.java:619)
	at com.microsoft.playwright.impl.LocatorImpl.waitFor(LocatorImpl.java:615)
	at com.microsoft.playwright.Locator.waitFor(Locator.java:5324)
	at com.fooddelivery.e2e.HappyPathE2ETest.testHappyDeliveryPath(HappyPathE2ETest.java:101)
	at java.base/java.lang.reflect.Method.invoke(Method.java:565)
	at java.base/java.util.ArrayList.forEach(ArrayList.java:1612)
	at java.base/java.util.ArrayList.forEach(ArrayList.java:1612)
Caused by: com.microsoft.playwright.TimeoutError: Error {
  message='Timeout 60000ms exceeded.
  name='TimeoutError
  stack='TimeoutError: Timeout 60000ms exceeded.
    at ProgressController.run (/private/var/folders/0h/ntc9lth93bq3sgfrgr9f9ylm0000gn/T/playwright-java-12819702846278365342/package/lib/server/progress.js:78:26)
    at Frame.waitForSelector (/private/var/folders/0h/ntc9lth93bq3sgfrgr9f9ylm0000gn/T/playwright-java-12819702846278365342/package/lib/server/frames.js:619:23)
    at FrameDispatcher.waitForSelector (/private/var/folders/0h/ntc9lth93bq3sgfrgr9f9ylm0000gn/T/playwright-java-12819702846278365342/package/lib/server/dispatchers/frameDispatcher.js:106:103)
    at FrameDispatcher._handleCommand (/private/var/folders/0h/ntc9lth93bq3sgfrgr9f9ylm0000gn/T/playwright-java-12819702846278365342/package/lib/server/dispatchers/dispatcher.js:94:40)
    at DispatcherConnection.dispatch (/private/var/folders/0h/ntc9lth93bq3sgfrgr9f9ylm0000gn/T/playwright-java-12819702846278365342/package/lib/server/dispatchers/dispatcher.js:361:39)
}
Call log:
- waiting for locator("button:has-text('Accept & Open Map')").first() to be visible

	at com.microsoft.playwright.impl.Connection.dispatch(Connection.java:254)
	at com.microsoft.playwright.impl.Connection.processOneMessage(Connection.java:211)
	at com.microsoft.playwright.impl.ChannelOwner.runUntil(ChannelOwner.java:118)
	... 13 more
]]></error>
    <system-out><![CDATA[Starting Happy Delivery Path Test
BROWSER CONSOLE: verbose [DOM] Input elements should have autocomplete attributes (suggested: "new-password"): (More info: https://goo.gl/9p2vKq) %o
Restaurant logged in
BROWSER CONSOLE: verbose [DOM] Input elements should have autocomplete attributes (suggested: "new-password"): (More info: https://goo.gl/9p2vKq) %o
Rider logged in
BROWSER CONSOLE: verbose [DOM] Input elements should have autocomplete attributes (suggested: "new-password"): (More info: https://goo.gl/9p2vKq) %o
Rider is online
BROWSER CONSOLE: verbose [DOM] Input elements should have autocomplete attributes (suggested: "new-password"): (More info: https://goo.gl/9p2vKq) %o
Customer logged in
Customer selected address
Customer opened restaurant
Customer changed outlet to Brand 1 Outlet 2
Could not find item with <15 mins prep time, adding first available item as fallback.
Customer added item to cart
Customer placed order
Customer sees Order Received
Restaurant selected Brand 1 Outlet 2
Restaurant accepted order
Customer sees Accepted by Kitchen
Restaurant preparing order
Customer sees Cooking & Packaging
Restaurant marked order ready
BROWSER CONSOLE: warning Error parsing SSE data SyntaxError: Unexpected end of JSON input
    at JSON.parse (<anonymous>)
    at onmessage (http://140.245.225.221/assets/OrderTrackingMap-CfVvMwA8.js:7:7236)
    at http://140.245.225.221/assets/OrderTrackingMap-CfVvMwA8.js:6:804
    at http://140.245.225.221/assets/OrderTrackingMap-CfVvMwA8.js:6:630
    at J (http://140.245.225.221/assets/OrderTrackingMap-CfVvMwA8.js:6:351)
    at async v (http://140.245.225.221/assets/OrderTrackingMap-CfVvMwA8.js:7:1387)
BROWSER CONSOLE: verbose [DOM] Input elements should have autocomplete attributes (suggested: "new-password"): (More info: https://goo.gl/9p2vKq) %o
BROWSER CONSOLE: warning The AudioContext was not allowed to start. It must be resumed (or created) after a user gesture on the page. https://goo.gl/7K7WLu
BROWSER CONSOLE: warning The AudioContext was not allowed to start. It must be resumed (or created) after a user gesture on the page. https://goo.gl/7K7WLu
BROWSER CONSOLE: warning Error parsing SSE data SyntaxError: Unexpected end of JSON input
    at JSON.parse (<anonymous>)
    at onmessage (http://140.245.225.221/assets/OrderTrackingMap-CfVvMwA8.js:7:7236)
    at http://140.245.225.221/assets/OrderTrackingMap-CfVvMwA8.js:6:804
    at http://140.245.225.221/assets/OrderTrackingMap-CfVvMwA8.js:6:630
    at J (http://140.245.225.221/assets/OrderTrackingMap-CfVvMwA8.js:6:351)
    at async v (http://140.245.225.221/assets/OrderTrackingMap-CfVvMwA8.js:7:1387)
BROWSER CONSOLE: warning Error parsing SSE data SyntaxError: Unexpected end of JSON input
    at JSON.parse (<anonymous>)
    at onmessage (http://140.245.225.221/assets/OrderTrackingMap-CfVvMwA8.js:7:7236)
    at http://140.245.225.221/assets/OrderTrackingMap-CfVvMwA8.js:6:804
    at http://140.245.225.221/assets/OrderTrackingMap-CfVvMwA8.js:6:630
    at J (http://140.245.225.221/assets/OrderTrackingMap-CfVvMwA8.js:6:351)
    at async v (http://140.245.225.221/assets/OrderTrackingMap-CfVvMwA8.js:7:1387)
BROWSER CONSOLE: warning Error parsing SSE data SyntaxError: Unexpected end of JSON input
    at JSON.parse (<anonymous>)
    at onmessage (http://140.245.225.221/assets/OrderTrackingMap-CfVvMwA8.js:7:7236)
    at http://140.245.225.221/assets/OrderTrackingMap-CfVvMwA8.js:6:804
    at http://140.245.225.221/assets/OrderTrackingMap-CfVvMwA8.js:6:630
    at J (http://140.245.225.221/assets/OrderTrackingMap-CfVvMwA8.js:6:351)
    at async v (http://140.245.225.221/assets/OrderTrackingMap-CfVvMwA8.js:7:1387)
BROWSER CONSOLE: warning Error parsing SSE data SyntaxError: Unexpected end of JSON input
    at JSON.parse (<anonymous>)
    at onmessage (http://140.245.225.221/assets/OrderTrackingMap-CfVvMwA8.js:7:7236)
    at http://140.245.225.221/assets/OrderTrackingMap-CfVvMwA8.js:6:804
    at http://140.245.225.221/assets/OrderTrackingMap-CfVvMwA8.js:6:630
    at J (http://140.245.225.221/assets/OrderTrackingMap-CfVvMwA8.js:6:351)
    at async v (http://140.245.225.221/assets/OrderTrackingMap-CfVvMwA8.js:7:1387)
BROWSER CONSOLE: error Failed to load resource: net::ERR_INCOMPLETE_CHUNKED_ENCODING
BROWSER CONSOLE: error SSE connection error TypeError: network error
]]></system-out>
  </testcase>
</testsuite>